TN:
SF:unknown
FNF:0
FNH:0
DA:31,1
LF:1
LH:1
BRF:0
BRH:0
end_of_record
TN:
SF:C:\github\hibari\src\components\App\AppFooter.spec.js
FN:6,(anonymous_0)
FN:7,(anonymous_1)
FN:10,(anonymous_2)
FNF:3
FNH:2
FNDA:1,(anonymous_0)
FNDA:1,(anonymous_1)
FNDA:0,(anonymous_2)
DA:6,1
DA:7,1
DA:8,1
DA:9,1
DA:10,0
DA:11,0
DA:12,0
LF:7
LH:4
BRDA:11,0,0,0
BRDA:11,0,1,0
BRF:2
BRH:0
end_of_record
TN:
SF:C:\github\hibari\src\components\App\AppFooter.vue
FN:1,(anonymous_0)
FN:8,(anonymous_1)
FN:75,data
FN:86,render
FNF:4
FNH:0
FNDA:0,(anonymous_0)
FNDA:0,(anonymous_1)
FNDA:0,data
FNDA:0,render
DA:1,0
DA:4,0
DA:8,0
DA:9,0
DA:10,0
DA:11,0
DA:12,0
DA:13,0
DA:36,0
DA:38,0
DA:39,0
DA:42,0
DA:43,0
DA:74,0
DA:76,0
DA:78,0
DA:84,0
DA:85,0
DA:86,0
DA:87,0
LF:20
LH:0
BRDA:36,0,0,0
BRDA:36,0,1,0
BRDA:38,1,0,0
BRDA:38,1,1,0
BRDA:38,2,0,0
BRDA:38,2,1,0
BRDA:84,3,0,0
BRDA:84,3,1,0
BRDA:85,4,0,0
BRDA:85,4,1,0
BRDA:86,5,0,0
BRDA:86,5,1,0
BRDA:86,6,0,0
BRDA:86,6,1,0
BRF:14
BRH:0
end_of_record
TN:
SF:C:\github\hibari\src\components\App\AppNavigation.vue
FN:1,(anonymous_0)
FN:16,(anonymous_1)
FN:280,_interopRequireDefault
FN:328,navLoggedIn
FN:333,navLogin
FN:338,navLanguage
FN:344,data
FN:354,toggleBurger
FN:357,_callee
FN:358,_callee$
FN:374,closeBurger
FN:377,_callee2
FN:378,_callee2$
FN:394,checkStickyness
FN:397,_callee3
FN:398,_callee3$
FN:415,mounted
FN:420,(anonymous_17)
FN:430,render
FN:430,(anonymous_19)
FN:430,(anonymous_20)
FN:430,(anonymous_21)
FN:430,(anonymous_22)
FN:430,(anonymous_23)
FN:430,(anonymous_24)
FNF:25
FNH:0
FNDA:0,(anonymous_0)
FNDA:0,(anonymous_1)
FNDA:0,_interopRequireDefault
FNDA:0,navLoggedIn
FNDA:0,navLogin
FNDA:0,navLanguage
FNDA:0,data
FNDA:0,toggleBurger
FNDA:0,_callee
FNDA:0,_callee$
FNDA:0,closeBurger
FNDA:0,_callee2
FNDA:0,_callee2$
FNDA:0,checkStickyness
FNDA:0,_callee3
FNDA:0,_callee3$
FNDA:0,mounted
FNDA:0,(anonymous_17)
FNDA:0,render
FNDA:0,(anonymous_19)
FNDA:0,(anonymous_20)
FNDA:0,(anonymous_21)
FNDA:0,(anonymous_22)
FNDA:0,(anonymous_23)
FNDA:0,(anonymous_24)
DA:1,0
DA:4,0
DA:8,0
DA:10,0
DA:12,0
DA:14,0
DA:16,0
DA:17,0
DA:18,0
DA:19,0
DA:20,0
DA:21,0
DA:270,0
DA:272,0
DA:273,0
DA:276,0
DA:277,0
DA:280,0
DA:325,0
DA:329,0
DA:330,0
DA:331,0
DA:334,0
DA:335,0
DA:336,0
DA:339,0
DA:340,0
DA:341,0
DA:345,0
DA:347,0
DA:355,0
DA:357,0
DA:358,0
DA:359,0
DA:360,0
DA:362,0
DA:364,0
DA:368,0
DA:375,0
DA:377,0
DA:378,0
DA:379,0
DA:380,0
DA:382,0
DA:384,0
DA:388,0
DA:395,0
DA:397,0
DA:398,0
DA:399,0
DA:400,0
DA:402,0
DA:404,0
DA:408,0
DA:416,0
DA:418,0
DA:420,0
DA:421,0
DA:422,0
DA:423,0
DA:428,0
DA:429,0
DA:430,0
DA:431,0
LF:64
LH:0
BRDA:270,0,0,0
BRDA:270,0,1,0
BRDA:272,1,0,0
BRDA:272,1,1,0
BRDA:272,2,0,0
BRDA:272,2,1,0
BRDA:280,3,0,0
BRDA:280,3,1,0
BRDA:280,4,0,0
BRDA:280,4,1,0
BRDA:360,5,0,0
BRDA:360,5,1,0
BRDA:360,5,2,0
BRDA:380,6,0,0
BRDA:380,6,1,0
BRDA:380,6,2,0
BRDA:400,7,0,0
BRDA:400,7,1,0
BRDA:400,7,2,0
BRDA:404,8,0,0
BRDA:404,8,1,0
BRDA:428,9,0,0
BRDA:428,9,1,0
BRDA:429,10,0,0
BRDA:429,10,1,0
BRDA:430,11,0,0
BRDA:430,11,1,0
BRDA:430,12,0,0
BRDA:430,12,1,0
BRDA:430,13,0,0
BRDA:430,13,1,0
BRDA:430,14,0,0
BRDA:430,14,1,0
BRDA:430,15,0,0
BRDA:430,15,1,0
BRF:35
BRH:0
end_of_record
TN:
SF:C:\github\hibari\src\components\Flickity\FlickityMedia.vue
FN:1,(anonymous_0)
FN:8,(anonymous_1)
FN:78,_interopRequireDefault
FN:88,data
FN:104,render
FN:104,(anonymous_5)
FNF:6
FNH:0
FNDA:0,(anonymous_0)
FNDA:0,(anonymous_1)
FNDA:0,_interopRequireDefault
FNDA:0,data
FNDA:0,render
FNDA:0,(anonymous_5)
DA:1,0
DA:4,0
DA:8,0
DA:9,0
DA:10,0
DA:11,0
DA:12,0
DA:13,0
DA:36,0
DA:38,0
DA:39,0
DA:42,0
DA:43,0
DA:74,0
DA:76,0
DA:78,0
DA:80,0
DA:89,0
DA:91,0
DA:102,0
DA:103,0
DA:104,0
DA:105,0
LF:23
LH:0
BRDA:36,0,0,0
BRDA:36,0,1,0
BRDA:38,1,0,0
BRDA:38,1,1,0
BRDA:38,2,0,0
BRDA:38,2,1,0
BRDA:78,3,0,0
BRDA:78,3,1,0
BRDA:78,4,0,0
BRDA:78,4,1,0
BRDA:102,5,0,0
BRDA:102,5,1,0
BRDA:103,6,0,0
BRDA:103,6,1,0
BRDA:104,7,0,0
BRDA:104,7,1,0
BRDA:104,8,0,0
BRDA:104,8,1,0
BRF:18
BRH:0
end_of_record
TN:
SF:C:\github\hibari\src\components\Flickity\FlickityQuickUpdate.vue
FN:1,(anonymous_0)
FN:8,(anonymous_1)
FN:62,_interopRequireDefault
FN:68,data
FN:84,render
FN:84,(anonymous_5)
FNF:6
FNH:0
FNDA:0,(anonymous_0)
FNDA:0,(anonymous_1)
FNDA:0,_interopRequireDefault
FNDA:0,data
FNDA:0,render
FNDA:0,(anonymous_5)
DA:1,0
DA:4,0
DA:8,0
DA:9,0
DA:10,0
DA:11,0
DA:12,0
DA:13,0
DA:36,0
DA:38,0
DA:39,0
DA:42,0
DA:43,0
DA:58,0
DA:60,0
DA:62,0
DA:64,0
DA:69,0
DA:71,0
DA:82,0
DA:83,0
DA:84,0
DA:85,0
LF:23
LH:0
BRDA:36,0,0,0
BRDA:36,0,1,0
BRDA:38,1,0,0
BRDA:38,1,1,0
BRDA:38,2,0,0
BRDA:38,2,1,0
BRDA:62,3,0,0
BRDA:62,3,1,0
BRDA:62,4,0,0
BRDA:62,4,1,0
BRDA:82,5,0,0
BRDA:82,5,1,0
BRDA:83,6,0,0
BRDA:83,6,1,0
BRDA:84,7,0,0
BRDA:84,7,1,0
BRF:16
BRH:0
end_of_record
TN:
SF:C:\github\hibari\src\components\Nav\NavLanguage.vue
FN:1,(anonymous_0)
FN:8,(anonymous_1)
FN:141,_interopRequireDefault
FN:152,supportedLanguages
FN:157,currentLanguage
FN:164,changeLanguage
FN:170,(anonymous_6)
FN:182,render
FN:182,(anonymous_8)
FNF:9
FNH:0
FNDA:0,(anonymous_0)
FNDA:0,(anonymous_1)
FNDA:0,_interopRequireDefault
FNDA:0,supportedLanguages
FNDA:0,currentLanguage
FNDA:0,changeLanguage
FNDA:0,(anonymous_6)
FNDA:0,render
FNDA:0,(anonymous_8)
DA:1,0
DA:4,0
DA:8,0
DA:9,0
DA:10,0
DA:11,0
DA:12,0
DA:13,0
DA:118,0
DA:120,0
DA:121,0
DA:124,0
DA:125,0
DA:137,0
DA:139,0
DA:141,0
DA:143,0
DA:153,0
DA:155,0
DA:158,0
DA:160,0
DA:165,0
DA:167,0
DA:168,0
DA:169,0
DA:170,0
DA:171,0
DA:172,0
DA:174,0
DA:180,0
DA:181,0
DA:182,0
DA:183,0
LF:33
LH:0
BRDA:118,0,0,0
BRDA:118,0,1,0
BRDA:120,1,0,0
BRDA:120,1,1,0
BRDA:120,2,0,0
BRDA:120,2,1,0
BRDA:141,3,0,0
BRDA:141,3,1,0
BRDA:141,4,0,0
BRDA:141,4,1,0
BRDA:180,5,0,0
BRDA:180,5,1,0
BRDA:181,6,0,0
BRDA:181,6,1,0
BRDA:182,7,0,0
BRDA:182,7,1,0
BRF:16
BRH:0
end_of_record
TN:
SF:C:\github\hibari\src\components\Nav\NavLoggedIn.vue
FN:1,(anonymous_0)
FN:8,(anonymous_1)
FN:62,render
FN:62,(anonymous_3)
FNF:4
FNH:0
FNDA:0,(anonymous_0)
FNDA:0,(anonymous_1)
FNDA:0,render
FNDA:0,(anonymous_3)
DA:1,0
DA:4,0
DA:8,0
DA:9,0
DA:10,0
DA:11,0
DA:12,0
DA:13,0
DA:23,0
DA:25,0
DA:26,0
DA:29,0
DA:30,0
DA:56,0
DA:60,0
DA:61,0
DA:62,0
DA:63,0
LF:18
LH:0
BRDA:23,0,0,0
BRDA:23,0,1,0
BRDA:25,1,0,0
BRDA:25,1,1,0
BRDA:25,2,0,0
BRDA:25,2,1,0
BRDA:60,3,0,0
BRDA:60,3,1,0
BRDA:61,4,0,0
BRDA:61,4,1,0
BRDA:62,5,0,0
BRDA:62,5,1,0
BRF:12
BRH:0
end_of_record
TN:
SF:C:\github\hibari\src\components\Nav\NavLogin.vue
FN:1,(anonymous_0)
FN:16,(anonymous_1)
FN:344,_interopRequireDefault
FN:382,data
FN:396,submit
FN:399,_callee
FN:402,_callee$
FN:500,render
FN:500,(anonymous_8)
FN:500,(anonymous_9)
FN:500,(anonymous_10)
FN:500,(anonymous_11)
FNF:12
FNH:0
FNDA:0,(anonymous_0)
FNDA:0,(anonymous_1)
FNDA:0,_interopRequireDefault
FNDA:0,data
FNDA:0,submit
FNDA:0,_callee
FNDA:0,_callee$
FNDA:0,render
FNDA:0,(anonymous_8)
FNDA:0,(anonymous_9)
FNDA:0,(anonymous_10)
FNDA:0,(anonymous_11)
DA:1,0
DA:4,0
DA:8,0
DA:10,0
DA:12,0
DA:14,0
DA:16,0
DA:17,0
DA:18,0
DA:19,0
DA:20,0
DA:21,0
DA:334,0
DA:336,0
DA:337,0
DA:340,0
DA:341,0
DA:344,0
DA:381,0
DA:383,0
DA:385,0
DA:397,0
DA:399,0
DA:402,0
DA:403,0
DA:404,0
DA:406,0
DA:408,0
DA:409,0
DA:410,0
DA:413,0
DA:414,0
DA:415,0
DA:416,0
DA:418,0
DA:419,0
DA:420,0
DA:421,0
DA:422,0
DA:425,0
DA:426,0
DA:427,0
DA:428,0
DA:429,0
DA:432,0
DA:433,0
DA:434,0
DA:436,0
DA:437,0
DA:438,0
DA:441,0
DA:442,0
DA:443,0
DA:445,0
DA:446,0
DA:448,0
DA:449,0
DA:450,0
DA:453,0
DA:454,0
DA:455,0
DA:456,0
DA:457,0
DA:460,0
DA:461,0
DA:463,0
DA:464,0
DA:465,0
DA:468,0
DA:469,0
DA:471,0
DA:474,0
DA:475,0
DA:478,0
DA:481,0
DA:482,0
DA:485,0
DA:489,0
DA:498,0
DA:499,0
DA:500,0
DA:501,0
LF:82
LH:0
BRDA:334,0,0,0
BRDA:334,0,1,0
BRDA:336,1,0,0
BRDA:336,1,1,0
BRDA:336,2,0,0
BRDA:336,2,1,0
BRDA:344,3,0,0
BRDA:344,3,1,0
BRDA:344,4,0,0
BRDA:344,4,1,0
BRDA:404,5,0,0
BRDA:404,5,1,0
BRDA:404,5,2,0
BRDA:404,5,3,0
BRDA:404,5,4,0
BRDA:404,5,5,0
BRDA:404,5,6,0
BRDA:404,5,7,0
BRDA:404,5,8,0
BRDA:404,5,9,0
BRDA:404,5,10,0
BRDA:404,5,11,0
BRDA:408,6,0,0
BRDA:408,6,1,0
BRDA:408,7,0,0
BRDA:408,7,1,0
BRDA:408,7,2,0
BRDA:448,8,0,0
BRDA:448,8,1,0
BRDA:456,9,0,0
BRDA:456,9,1,0
BRDA:498,10,0,0
BRDA:498,10,1,0
BRDA:499,11,0,0
BRDA:499,11,1,0
BRDA:500,12,0,0
BRDA:500,12,1,0
BRDA:500,13,0,0
BRDA:500,13,1,0
BRF:39
BRH:0
end_of_record
TN:
SF:C:\github\hibari\src\views\Bugs.vue
FN:1,(anonymous_0)
FN:8,(anonymous_1)
FN:46,render
FNF:3
FNH:0
FNDA:0,(anonymous_0)
FNDA:0,(anonymous_1)
FNDA:0,render
DA:1,0
DA:4,0
DA:8,0
DA:9,0
DA:10,0
DA:11,0
DA:12,0
DA:13,0
DA:23,0
DA:25,0
DA:26,0
DA:29,0
DA:30,0
DA:38,0
DA:44,0
DA:45,0
DA:46,0
DA:47,0
LF:18
LH:0
BRDA:23,0,0,0
BRDA:23,0,1,0
BRDA:25,1,0,0
BRDA:25,1,1,0
BRDA:25,2,0,0
BRDA:25,2,1,0
BRDA:44,3,0,0
BRDA:44,3,1,0
BRDA:45,4,0,0
BRDA:45,4,1,0
BRDA:46,5,0,0
BRDA:46,5,1,0
BRF:12
BRH:0
end_of_record
TN:
SF:C:\github\hibari\src\views\Explore.vue
FN:1,(anonymous_0)
FN:8,(anonymous_1)
FN:52,meta
FN:63,render
FNF:4
FNH:0
FNDA:0,(anonymous_0)
FNDA:0,(anonymous_1)
FNDA:0,meta
FNDA:0,render
DA:1,0
DA:4,0
DA:8,0
DA:9,0
DA:10,0
DA:11,0
DA:12,0
DA:13,0
DA:36,0
DA:38,0
DA:39,0
DA:42,0
DA:43,0
DA:51,0
DA:53,0
DA:55,0
DA:61,0
DA:62,0
DA:63,0
DA:64,0
LF:20
LH:0
BRDA:36,0,0,0
BRDA:36,0,1,0
BRDA:38,1,0,0
BRDA:38,1,1,0
BRDA:38,2,0,0
BRDA:38,2,1,0
BRDA:61,3,0,0
BRDA:61,3,1,0
BRDA:62,4,0,0
BRDA:62,4,1,0
BRDA:63,5,0,0
BRDA:63,5,1,0
BRF:12
BRH:0
end_of_record
TN:
SF:C:\github\hibari\src\views\Feed.vue
FN:1,(anonymous_0)
FN:8,(anonymous_1)
FN:46,_interopRequireDefault
FN:59,render
FN:60,render
FNF:5
FNH:0
FNDA:0,(anonymous_0)
FNDA:0,(anonymous_1)
FNDA:0,_interopRequireDefault
FNDA:0,render
FNDA:0,render
DA:1,0
DA:4,0
DA:8,0
DA:9,0
DA:10,0
DA:11,0
DA:12,0
DA:13,0
DA:23,0
DA:25,0
DA:26,0
DA:29,0
DA:30,0
DA:42,0
DA:44,0
DA:46,0
DA:48,0
DA:57,0
DA:58,0
DA:59,0
DA:60,0
LF:21
LH:0
BRDA:23,0,0,0
BRDA:23,0,1,0
BRDA:25,1,0,0
BRDA:25,1,1,0
BRDA:25,2,0,0
BRDA:25,2,1,0
BRDA:46,3,0,0
BRDA:46,3,1,0
BRDA:46,4,0,0
BRDA:46,4,1,0
BRDA:57,5,0,0
BRDA:57,5,1,0
BRDA:58,6,0,0
BRDA:58,6,1,0
BRDA:59,7,0,0
BRDA:59,7,1,0
BRDA:60,8,0,0
BRDA:60,8,1,0
BRF:18
BRH:0
end_of_record
TN:
SF:C:\github\hibari\src\views\Index.vue
FN:1,(anonymous_0)
FN:8,(anonymous_1)
FN:45,_interopRequireDefault
FN:56,render
FNF:4
FNH:0
FNDA:0,(anonymous_0)
FNDA:0,(anonymous_1)
FNDA:0,_interopRequireDefault
FNDA:0,render
DA:1,0
DA:4,0
DA:8,0
DA:9,0
DA:10,0
DA:11,0
DA:12,0
DA:13,0
DA:23,0
DA:25,0
DA:26,0
DA:29,0
DA:30,0
DA:37,0
DA:39,0
DA:41,0
DA:43,0
DA:45,0
DA:47,0
DA:54,0
DA:55,0
DA:56,0
DA:57,0
LF:23
LH:0
BRDA:23,0,0,0
BRDA:23,0,1,0
BRDA:25,1,0,0
BRDA:25,1,1,0
BRDA:25,2,0,0
BRDA:25,2,1,0
BRDA:45,3,0,0
BRDA:45,3,1,0
BRDA:45,4,0,0
BRDA:45,4,1,0
BRDA:54,5,0,0
BRDA:54,5,1,0
BRDA:55,6,0,0
BRDA:55,6,1,0
BRDA:56,7,0,0
BRDA:56,7,1,0
BRDA:56,8,0,0
BRDA:56,8,1,0
BRF:18
BRH:0
end_of_record
TN:
SF:C:\github\hibari\src\views\Landing.vue
FN:1,(anonymous_0)
FN:16,(anonymous_1)
FN:239,_interopRequireDefault
FN:246,created
FN:251,data
FN:263,getAnime
FN:266,_callee
FN:269,_callee$
FN:301,(anonymous_8)
FN:332,render
FNF:10
FNH:0
FNDA:0,(anonymous_0)
FNDA:0,(anonymous_1)
FNDA:0,_interopRequireDefault
FNDA:0,created
FNDA:0,data
FNDA:0,getAnime
FNDA:0,_callee
FNDA:0,_callee$
FNDA:0,(anonymous_8)
FNDA:0,render
DA:1,0
DA:4,0
DA:8,0
DA:10,0
DA:12,0
DA:14,0
DA:16,0
DA:17,0
DA:18,0
DA:19,0
DA:20,0
DA:21,0
DA:195,0
DA:197,0
DA:198,0
DA:201,0
DA:202,0
DA:229,0
DA:231,0
DA:233,0
DA:235,0
DA:237,0
DA:239,0
DA:241,0
DA:247,0
DA:249,0
DA:252,0
DA:254,0
DA:264,0
DA:266,0
DA:269,0
DA:270,0
DA:271,0
DA:273,0
DA:275,0
DA:276,0
DA:277,0
DA:280,0
DA:281,0
DA:282,0
DA:283,0
DA:297,0
DA:298,0
DA:299,0
DA:301,0
DA:302,0
DA:303,0
DA:305,0
DA:306,0
DA:307,0
DA:308,0
DA:309,0
DA:311,0
DA:312,0
DA:313,0
DA:314,0
DA:317,0
DA:321,0
DA:330,0
DA:331,0
DA:332,0
DA:333,0
LF:62
LH:0
BRDA:195,0,0,0
BRDA:195,0,1,0
BRDA:197,1,0,0
BRDA:197,1,1,0
BRDA:197,2,0,0
BRDA:197,2,1,0
BRDA:239,3,0,0
BRDA:239,3,1,0
BRDA:239,4,0,0
BRDA:239,4,1,0
BRDA:271,5,0,0
BRDA:271,5,1,0
BRDA:271,5,2,0
BRDA:271,5,3,0
BRDA:271,5,4,0
BRDA:275,6,0,0
BRDA:275,6,1,0
BRDA:330,7,0,0
BRDA:330,7,1,0
BRDA:331,8,0,0
BRDA:331,8,1,0
BRDA:332,9,0,0
BRDA:332,9,1,0
BRF:23
BRH:0
end_of_record
TN:
SF:C:\github\hibari\src\views\Media.vue
FN:1,(anonymous_0)
FN:16,(anonymous_1)
FN:181,_interopRequireDefault
FN:184,data
FN:195,meta
FN:202,created
FN:209,getMedia
FN:212,_callee
FN:215,_callee$
FN:257,render
FNF:10
FNH:0
FNDA:0,(anonymous_0)
FNDA:0,(anonymous_1)
FNDA:0,_interopRequireDefault
FNDA:0,data
FNDA:0,meta
FNDA:0,created
FNDA:0,getMedia
FNDA:0,_callee
FNDA:0,_callee$
FNDA:0,render
DA:1,0
DA:4,0
DA:8,0
DA:10,0
DA:12,0
DA:14,0
DA:16,0
DA:17,0
DA:18,0
DA:19,0
DA:20,0
DA:21,0
DA:154,0
DA:156,0
DA:157,0
DA:160,0
DA:161,0
DA:177,0
DA:179,0
DA:181,0
DA:183,0
DA:185,0
DA:187,0
DA:196,0
DA:198,0
DA:203,0
DA:205,0
DA:210,0
DA:212,0
DA:215,0
DA:216,0
DA:217,0
DA:219,0
DA:220,0
DA:221,0
DA:222,0
DA:223,0
DA:228,0
DA:229,0
DA:230,0
DA:233,0
DA:235,0
DA:236,0
DA:237,0
DA:238,0
DA:239,0
DA:240,0
DA:241,0
DA:242,0
DA:246,0
DA:255,0
DA:256,0
DA:257,0
DA:258,0
LF:54
LH:0
BRDA:154,0,0,0
BRDA:154,0,1,0
BRDA:156,1,0,0
BRDA:156,1,1,0
BRDA:156,2,0,0
BRDA:156,2,1,0
BRDA:181,3,0,0
BRDA:181,3,1,0
BRDA:181,4,0,0
BRDA:181,4,1,0
BRDA:217,5,0,0
BRDA:217,5,1,0
BRDA:217,5,2,0
BRDA:217,5,3,0
BRDA:255,6,0,0
BRDA:255,6,1,0
BRDA:256,7,0,0
BRDA:256,7,1,0
BRDA:257,8,0,0
BRDA:257,8,1,0
BRF:20
BRH:0
end_of_record
TN:
SF:C:\github\hibari\src\views\Preferences.vue
FN:1,(anonymous_0)
FN:8,(anonymous_1)
FN:46,render
FNF:3
FNH:0
FNDA:0,(anonymous_0)
FNDA:0,(anonymous_1)
FNDA:0,render
DA:1,0
DA:4,0
DA:8,0
DA:9,0
DA:10,0
DA:11,0
DA:12,0
DA:13,0
DA:23,0
DA:25,0
DA:26,0
DA:29,0
DA:30,0
DA:38,0
DA:44,0
DA:45,0
DA:46,0
DA:47,0
LF:18
LH:0
BRDA:23,0,0,0
BRDA:23,0,1,0
BRDA:25,1,0,0
BRDA:25,1,1,0
BRDA:25,2,0,0
BRDA:25,2,1,0
BRDA:44,3,0,0
BRDA:44,3,1,0
BRDA:45,4,0,0
BRDA:45,4,1,0
BRDA:46,5,0,0
BRDA:46,5,1,0
BRF:12
BRH:0
end_of_record
TN:
SF:C:\github\hibari\src\views\User.vue
FN:1,(anonymous_0)
FN:6,render
FNF:2
FNH:0
FNDA:0,(anonymous_0)
FNDA:0,render
DA:1,0
DA:4,0
DA:5,0
DA:6,0
DA:7,0
LF:5
LH:0
BRDA:4,0,0,0
BRDA:4,0,1,0
BRDA:5,1,0,0
BRDA:5,1,1,0
BRDA:6,2,0,0
BRDA:6,2,1,0
BRF:6
BRH:0
end_of_record
TN:
SF:C:\github\hibari\src\views\Errors\404.vue
FN:1,(anonymous_0)
FN:6,render
FNF:2
FNH:0
FNDA:0,(anonymous_0)
FNDA:0,render
DA:1,0
DA:4,0
DA:5,0
DA:6,0
DA:7,0
LF:5
LH:0
BRDA:4,0,0,0
BRDA:4,0,1,0
BRDA:5,1,0,0
BRDA:5,1,1,0
BRDA:6,2,0,0
BRDA:6,2,1,0
BRF:6
BRH:0
end_of_record
TN:
SF:C:\github\hibari\src\views\User\Library.vue
FN:1,(anonymous_0)
FN:6,render
FNF:2
FNH:0
FNDA:0,(anonymous_0)
FNDA:0,render
DA:1,0
DA:4,0
DA:5,0
DA:6,0
DA:7,0
LF:5
LH:0
BRDA:4,0,0,0
BRDA:4,0,1,0
BRDA:5,1,0,0
BRDA:5,1,1,0
BRDA:6,2,0,0
BRDA:6,2,1,0
BRF:6
BRH:0
end_of_record
TN:
SF:C:\github\hibari\src\views\User\Profile.vue
FN:1,(anonymous_0)
FN:6,render
FNF:2
FNH:0
FNDA:0,(anonymous_0)
FNDA:0,render
DA:1,0
DA:4,0
DA:5,0
DA:6,0
DA:7,0
LF:5
LH:0
BRDA:4,0,0,0
BRDA:4,0,1,0
BRDA:5,1,0,0
BRDA:5,1,1,0
BRDA:6,2,0,0
BRDA:6,2,1,0
BRF:6
BRH:0
end_of_record
